INFO       2019-04-18 23:03:17,414 client                         <module>                             61  : Experiment Begin.
INFO       2019-04-18 23:19:29,344 client                         <module>                             81  : Global=971, Stack=765, Unstack=206
INFO       2019-04-18 23:34:08,302 client                         <module>                             81  : Global=878, Stack=761, Unstack=117
INFO       2019-04-18 23:50:19,281 client                         <module>                             81  : Global=970, Stack=759, Unstack=211
INFO       2019-04-19 00:06:25,588 client                         <module>                             81  : Global=966, Stack=756, Unstack=209
INFO       2019-04-19 00:20:46,727 client                         <module>                             81  : Global=860, Stack=757, Unstack=103
INFO       2019-04-19 00:36:34,202 client                         <module>                             81  : Global=947, Stack=751, Unstack=195
INFO       2019-04-19 00:52:20,209 client                         <module>                             81  : Global=945, Stack=753, Unstack=192
INFO       2019-04-19 01:06:57,186 client                         <module>                             81  : Global=876, Stack=758, Unstack=118
INFO       2019-04-19 01:23:00,064 client                         <module>                             81  : Global=962, Stack=750, Unstack=212
INFO       2019-04-19 01:38:49,230 client                         <module>                             81  : Global=949, Stack=758, Unstack=190
INFO       2019-04-19 01:53:18,714 client                         <module>                             81  : Global=869, Stack=750, Unstack=119
INFO       2019-04-19 02:09:19,554 client                         <module>                             81  : Global=960, Stack=749, Unstack=210
INFO       2019-04-19 02:23:52,805 client                         <module>                             81  : Global=873, Stack=755, Unstack=117
INFO       2019-04-19 02:39:54,129 client                         <module>                             81  : Global=961, Stack=749, Unstack=211
INFO       2019-04-19 02:55:56,246 client                         <module>                             81  : Global=962, Stack=752, Unstack=209
INFO       2019-04-19 03:11:57,554 client                         <module>                             81  : Global=961, Stack=752, Unstack=208
INFO       2019-04-19 03:26:15,848 client                         <module>                             81  : Global=858, Stack=755, Unstack=102
INFO       2019-04-19 03:42:02,628 client                         <module>                             81  : Global=946, Stack=751, Unstack=194
INFO       2019-04-19 03:58:03,158 client                         <module>                             81  : Global=960, Stack=752, Unstack=207
INFO       2019-04-19 04:14:07,442 client                         <module>                             81  : Global=964, Stack=756, Unstack=207
INFO       2019-04-19 04:28:22,651 client                         <module>                             81  : Global=855, Stack=751, Unstack=104
INFO       2019-04-19 04:44:25,143 client                         <module>                             81  : Global=962, Stack=749, Unstack=212
INFO       2019-04-19 05:00:27,310 client                         <module>                             81  : Global=962, Stack=752, Unstack=209
INFO       2019-04-19 05:16:31,978 client                         <module>                             81  : Global=964, Stack=755, Unstack=209
INFO       2019-04-19 05:31:11,865 client                         <module>                             81  : Global=879, Stack=762, Unstack=117
INFO       2019-04-19 05:46:57,167 client                         <module>                             81  : Global=945, Stack=747, Unstack=197
INFO       2019-04-19 06:03:01,745 client                         <module>                             81  : Global=964, Stack=756, Unstack=208
INFO       2019-04-19 06:19:01,927 client                         <module>                             81  : Global=960, Stack=753, Unstack=206
INFO       2019-04-19 06:35:06,494 client                         <module>                             81  : Global=964, Stack=755, Unstack=209
INFO       2019-04-19 06:49:13,729 client                         <module>                             81  : Global=847, Stack=737, Unstack=109
INFO       2019-04-19 07:02:28,107 client                         <module>                             81  : Global=793, Stack=708, Unstack=85
INFO       2019-04-19 07:17:44,497 client                         <module>                             81  : Global=916, Stack=711, Unstack=205
INFO       2019-04-19 07:31:16,653 client                         <module>                             81  : Global=812, Stack=728, Unstack=84
INFO       2019-04-19 07:46:37,791 client                         <module>                             81  : Global=921, Stack=719, Unstack=202
INFO       2019-04-19 08:02:05,604 client                         <module>                             81  : Global=927, Stack=726, Unstack=201
INFO       2019-04-19 08:17:32,828 client                         <module>                             81  : Global=927, Stack=726, Unstack=200
INFO       2019-04-19 08:32:28,409 client                         <module>                             81  : Global=895, Stack=723, Unstack=172
INFO       2019-04-19 08:47:44,799 client                         <module>                             81  : Global=916, Stack=711, Unstack=204
INFO       2019-04-19 09:01:47,379 client                         <module>                             81  : Global=842, Stack=734, Unstack=108
INFO       2019-04-19 09:18:18,109 client                         <module>                             81  : Global=990, Stack=789, Unstack=201
INFO       2019-04-19 09:33:43,515 client                         <module>                             81  : Global=925, Stack=726, Unstack=199
INFO       2019-04-19 09:49:06,141 client                         <module>                             81  : Global=922, Stack=723, Unstack=199
INFO       2019-04-19 10:04:02,515 client                         <module>                             81  : Global=896, Stack=724, Unstack=171
INFO       2019-04-19 10:19:19,226 client                         <module>                             81  : Global=916, Stack=712, Unstack=203
INFO       2019-04-19 10:33:12,341 client                         <module>                             81  : Global=833, Stack=723, Unstack=109
INFO       2019-04-19 10:48:14,182 client                         <module>                             81  : Global=901, Stack=730, Unstack=171
INFO       2019-04-19 11:02:09,108 client                         <module>                             81  : Global=834, Stack=722, Unstack=112
INFO       2019-04-19 11:17:31,300 client                         <module>                             81  : Global=922, Stack=719, Unstack=202
INFO       2019-04-19 11:32:53,604 client                         <module>                             81  : Global=921, Stack=720, Unstack=201
INFO       2019-04-19 11:48:17,916 client                         <module>                             81  : Global=924, Stack=725, Unstack=199
INFO       2019-04-19 12:03:41,227 client                         <module>                             81  : Global=923, Stack=723, Unstack=200
INFO       2019-04-19 12:18:32,661 client                         <module>                             81  : Global=891, Stack=717, Unstack=173
INFO       2019-04-19 12:32:15,530 client                         <module>                             81  : Global=822, Stack=708, Unstack=114
INFO       2019-04-19 12:47:03,312 client                         <module>                             81  : Global=887, Stack=712, Unstack=175
INFO       2019-04-19 13:02:22,327 client                         <module>                             81  : Global=919, Stack=715, Unstack=203
INFO       2019-04-19 13:17:43,784 client                         <module>                             81  : Global=921, Stack=720, Unstack=200
INFO       2019-04-19 13:32:38,352 client                         <module>                             81  : Global=894, Stack=723, Unstack=170
INFO       2019-04-19 13:48:09,066 client                         <module>                             81  : Global=930, Stack=725, Unstack=204
INFO       2019-04-19 14:03:30,617 client                         <module>                             81  : Global=921, Stack=718, Unstack=203
INFO       2019-04-19 14:18:51,394 client                         <module>                             81  : Global=920, Stack=718, Unstack=202
INFO       2019-04-19 14:34:09,316 client                         <module>                             81  : Global=917, Stack=714, Unstack=203
INFO       2019-04-19 14:49:25,990 client                         <module>                             81  : Global=916, Stack=716, Unstack=199
INFO       2019-04-19 15:04:47,131 client                         <module>                             81  : Global=921, Stack=721, Unstack=200
INFO       2019-04-19 15:18:43,162 client                         <module>                             81  : Global=835, Stack=724, Unstack=111
INFO       2019-04-19 15:32:35,514 client                         <module>                             81  : Global=832, Stack=720, Unstack=111
INFO       2019-04-19 15:47:55,159 client                         <module>                             81  : Global=919, Stack=714, Unstack=205
INFO       2019-04-19 16:03:16,250 client                         <module>                             81  : Global=921, Stack=719, Unstack=201
INFO       2019-04-19 16:19:08,002 client                         <module>                             81  : Global=951, Stack=753, Unstack=198
INFO       2019-04-19 16:34:29,963 client                         <module>                             81  : Global=921, Stack=717, Unstack=204
INFO       2019-04-19 16:50:06,926 client                         <module>                             81  : Global=936, Stack=723, Unstack=213
INFO       2019-04-19 17:05:32,438 client                         <module>                             81  : Global=925, Stack=733, Unstack=191
INFO       2019-04-19 17:21:20,550 client                         <module>                             81  : Global=948, Stack=750, Unstack=197
INFO       2019-04-19 17:35:25,302 client                         <module>                             81  : Global=844, Stack=735, Unstack=108
INFO       2019-04-19 17:50:46,799 client                         <module>                             81  : Global=921, Stack=718, Unstack=203
INFO       2019-04-19 18:06:07,249 client                         <module>                             81  : Global=920, Stack=717, Unstack=203
INFO       2019-04-19 18:21:35,619 client                         <module>                             81  : Global=928, Stack=727, Unstack=201
INFO       2019-04-19 18:37:10,732 client                         <module>                             81  : Global=934, Stack=738, Unstack=195
INFO       2019-04-19 18:52:34,759 client                         <module>                             81  : Global=924, Stack=723, Unstack=200
INFO       2019-04-19 19:07:54,586 client                         <module>                             81  : Global=919, Stack=719, Unstack=200
INFO       2019-04-19 19:23:13,799 client                         <module>                             81  : Global=919, Stack=719, Unstack=199
INFO       2019-04-19 19:38:36,386 client                         <module>                             81  : Global=922, Stack=721, Unstack=200
INFO       2019-04-19 19:53:56,473 client                         <module>                             81  : Global=920, Stack=718, Unstack=201
INFO       2019-04-19 20:07:45,164 client                         <module>                             81  : Global=828, Stack=717, Unstack=111
INFO       2019-04-19 20:22:34,535 client                         <module>                             81  : Global=889, Stack=713, Unstack=175
INFO       2019-04-19 20:35:56,170 client                         <module>                             81  : Global=801, Stack=716, Unstack=84
INFO       2019-04-19 20:50:43,533 client                         <module>                             81  : Global=886, Stack=711, Unstack=175
INFO       2019-04-19 21:05:33,292 client                         <module>                             81  : Global=889, Stack=715, Unstack=174
INFO       2019-04-19 21:20:51,916 client                         <module>                             81  : Global=918, Stack=715, Unstack=203
INFO       2019-04-19 21:36:11,005 client                         <module>                             81  : Global=919, Stack=718, Unstack=200
INFO       2019-04-19 21:51:30,890 client                         <module>                             81  : Global=919, Stack=720, Unstack=199
INFO       2019-04-19 22:05:20,451 client                         <module>                             81  : Global=829, Stack=718, Unstack=111
INFO       2019-04-19 22:20:40,327 client                         <module>                             81  : Global=919, Stack=716, Unstack=203
INFO       2019-04-19 22:35:58,788 client                         <module>                             81  : Global=918, Stack=718, Unstack=199
INFO       2019-04-19 22:49:46,954 client                         <module>                             81  : Global=828, Stack=717, Unstack=110
INFO       2019-04-19 23:03:34,330 client                         <module>                             81  : Global=827, Stack=714, Unstack=113
INFO       2019-04-19 23:17:23,830 client                         <module>                             81  : Global=829, Stack=716, Unstack=113
INFO       2019-04-19 23:32:12,718 client                         <module>                             81  : Global=888, Stack=714, Unstack=174
INFO       2019-04-19 23:47:35,765 client                         <module>                             81  : Global=923, Stack=723, Unstack=199
INFO       2019-04-20 00:02:32,153 client                         <module>                             81  : Global=896, Stack=724, Unstack=172
INFO       2019-04-20 00:02:32,688 client                         <module>                             84  : Global Mean=908.5833828383838, Global Std=45.012729350461456
INFO       2019-04-20 00:02:32,693 client                         <module>                             85  : Stack Mean=731.8742469191919, Stack Std=17.773997558079785
INFO       2019-04-20 00:02:32,697 client                         <module>                             86  : Unstack Mean=176.708814010101, Unstack Std=40.46089735721189
INFO       2019-04-20 00:02:32,698 client                         <module>                             87  : Experiment End.
